1620504481|/lpr28/index.php?id=contact|http://mysite.local/lpr28/index.php
1620504482|/lpr28/index.php|http://mysite.local/lpr28/index.php?id=contact
1620505035|/lpr28/index.php|
1620505036|/lpr28/index.php|
1620505036|/lpr28/index.php|
1620505037|/lpr28/index.php|
1620505037|/lpr28/index.php|
1620505039|/lpr28/index.php|
1620505040|/lpr28/index.php|
1620505040|/lpr28/index.php|
1620505040|/lpr28/index.php|
1620505041|/lpr28/index.php|
1620505041|/lpr28/index.php|
1620505047|/lpr28/index.php?id=log|http://mysite.local/lpr28/index.php
1620505061|/lpr28/index.php|http://mysite.local/lpr28/index.php?id=log
1620505085|/lpr28/index.php|http://mysite.local/lpr28/index.php?id=log
1620505086|/lpr28/index.php|http://mysite.local/lpr28/index.php?id=log
1620505087|/lpr28/index.php|http://mysite.local/lpr28/index.php?id=log
1620505088|/lpr28/index.php|http://mysite.local/lpr28/index.php?id=log
1620505125|/lpr28/index.php|http://mysite.local/lpr28/index.php?id=log
1620505125|/lpr28/index.php|http://mysite.local/lpr28/index.php?id=log
1620505125|/lpr28/index.php|http://mysite.local/lpr28/index.php?id=log
1620505126|/lpr28/index.php|http://mysite.local/lpr28/index.php?id=log
1620505126|/lpr28/index.php|http://mysite.local/lpr28/index.php?id=log
1620505126|/lpr28/index.php|http://mysite.local/lpr28/index.php?id=log
1620505127|/lpr28/index.php|http://mysite.local/lpr28/index.php?id=log
1620505159|/lpr28/index.php?id=log|http://mysite.local/lpr28/index.php
1620505248|/lpr28/index.php?id=log|http://mysite.local/lpr28/index.php
1620505249|/lpr28/index.php?id=log|http://mysite.local/lpr28/index.php
1620505249|/lpr28/index.php?id=log|http://mysite.local/lpr28/index.php
1620505250|/lpr28/index.php?id=log|http://mysite.local/lpr28/index.php
1620505250|/lpr28/index.php?id=log|http://mysite.local/lpr28/index.php
1620505250|/lpr28/index.php?id=log|http://mysite.local/lpr28/index.php
1620505251|/lpr28/index.php?id=log|http://mysite.local/lpr28/index.php
1620505251|/lpr28/index.php?id=log|http://mysite.local/lpr28/index.php
1620505251|/lpr28/index.php?id=log|http://mysite.local/lpr28/index.php
1620505252|/lpr28/index.php?id=log|http://mysite.local/lpr28/index.php
1620505252|/lpr28/index.php?id=log|http://mysite.local/lpr28/index.php
1620505252|/lpr28/index.php?id=log|http://mysite.local/lpr28/index.php
1620505254|/lpr28/index.php?id=log|http://mysite.local/lpr28/index.php
1620505255|/lpr28/index.php?id=log|http://mysite.local/lpr28/index.php
1620505255|/lpr28/index.php?id=log|http://mysite.local/lpr28/index.php
1620505255|/lpr28/index.php?id=log|http://mysite.local/lpr28/index.php
1620505256|/lpr28/index.php?id=log|http://mysite.local/lpr28/index.php
1620505256|/lpr28/index.php?id=log|http://mysite.local/lpr28/index.php
1620505257|/lpr28/index.php?id=log|http://mysite.local/lpr28/index.php
1620505257|/lpr28/index.php?id=log|http://mysite.local/lpr28/index.php
1620505263|/lpr28/index.php?id=log|http://mysite.local/lpr28/index.php
1620505422|/lpr28/index.php?id=log|http://mysite.local/lpr28/index.php
1620505425|/lpr28/index.php?id=log|http://mysite.local/lpr28/index.php
1620505435|/lpr28/index.php?id=log|http://mysite.local/lpr28/index.php
1620505435|/lpr28/index.php?id=log|http://mysite.local/lpr28/index.php
