1620504481|/lpr28/index.php?id=contact|http://mysite.local/lpr28/index.php
1620504482|/lpr28/index.php|http://mysite.local/lpr28/index.php?id=contact
1620505035|/lpr28/index.php|
1620505036|/lpr28/index.php|
1620505036|/lpr28/index.php|
1620505037|/lpr28/index.php|
1620505037|/lpr28/index.php|
1620505039|/lpr28/index.php|
1620505040|/lpr28/index.php|
1620505040|/lpr28/index.php|
1620505040|/lpr28/index.php|
1620505041|/lpr28/index.php|
1620505041|/lpr28/index.php|
1620505047|/lpr28/index.php?id=log|http://mysite.local/lpr28/index.php
1620505061|/lpr28/index.php|http://mysite.local/lpr28/index.php?id=log
1620505085|/lpr28/index.php|http://mysite.local/lpr28/index.php?id=log
1620505086|/lpr28/index.php|http://mysite.local/lpr28/index.php?id=log
1620505087|/lpr28/index.php|http://mysite.local/lpr28/index.php?id=log
1620505088|/lpr28/index.php|http://mysite.local/lpr28/index.php?id=log
1620505125|/lpr28/index.php|http://mysite.local/lpr28/index.php?id=log
1620505125|/lpr28/index.php|http://mysite.local/lpr28/index.php?id=log
1620505125|/lpr28/index.php|http://mysite.local/lpr28/index.php?id=log
1620505126|/lpr28/index.php|http://mysite.local/lpr28/index.php?id=log
1620505126|/lpr28/index.php|http://mysite.local/lpr28/index.php?id=log
1620505126|/lpr28/index.php|http://mysite.local/lpr28/index.php?id=log
1620505127|/lpr28/index.php|http://mysite.local/lpr28/index.php?id=log
1620505159|/lpr28/index.php?id=log|http://mysite.local/lpr28/index.php
1620505248|/lpr28/index.php?id=log|http://mysite.local/lpr28/index.php
1620505249|/lpr28/index.php?id=log|http://mysite.local/lpr28/index.php
1620505249|/lpr28/index.php?id=log|http://mysite.local/lpr28/index.php
1620505250|/lpr28/index.php?id=log|http://mysite.local/lpr28/index.php
1620505250|/lpr28/index.php?id=log|http://mysite.local/lpr28/index.php
1620505250|/lpr28/index.php?id=log|http://mysite.local/lpr28/index.php
1620505251|/lpr28/index.php?id=log|http://mysite.local/lpr28/index.php
1620505251|/lpr28/index.php?id=log|http://mysite.local/lpr28/index.php
1620505251|/lpr28/index.php?id=log|http://mysite.local/lpr28/index.php
1620505252|/lpr28/index.php?id=log|http://mysite.local/lpr28/index.php
1620505252|/lpr28/index.php?id=log|http://mysite.local/lpr28/index.php
1620505252|/lpr28/index.php?id=log|http://mysite.local/lpr28/index.php
1620505254|/lpr28/index.php?id=log|http://mysite.local/lpr28/index.php
1620505255|/lpr28/index.php?id=log|http://mysite.local/lpr28/index.php
1620505255|/lpr28/index.php?id=log|http://mysite.local/lpr28/index.php
1620505255|/lpr28/index.php?id=log|http://mysite.local/lpr28/index.php
1620505256|/lpr28/index.php?id=log|http://mysite.local/lpr28/index.php
1620505256|/lpr28/index.php?id=log|http://mysite.local/lpr28/index.php
1620505257|/lpr28/index.php?id=log|http://mysite.local/lpr28/index.php
1620505257|/lpr28/index.php?id=log|http://mysite.local/lpr28/index.php
1620505263|/lpr28/index.php?id=log|http://mysite.local/lpr28/index.php
1620505422|/lpr28/index.php?id=log|http://mysite.local/lpr28/index.php
1620505425|/lpr28/index.php?id=log|http://mysite.local/lpr28/index.php
1620505435|/lpr28/index.php?id=log|http://mysite.local/lpr28/index.php
1620505435|/lpr28/index.php?id=log|http://mysite.local/lpr28/index.php
1620505554|/lpr28/index.php?id=log|http://mysite.local/lpr28/index.php
1620662166|/lpr29/|http://mysite.local/
1620662170|/lpr29/index.php?id=gbook|http://mysite.local/lpr29/
1620662255|/lpr29/index.php?id=gbook|http://mysite.local/lpr29/
1620662282|/lpr29/index.php?id=gbook|http://mysite.local/lpr29/
1620662289|/lpr29/index.php?id=gbook|http://mysite.local/lpr29/
1620662299|/lpr29/index.php?id=gbook|http://mysite.local/lpr29/
1620662335|/lpr29/index.php?id=gbook|http://mysite.local/lpr29/
1620662403|/lpr29/index.php?id=gbook|http://mysite.local/lpr29/
1620662413|/lpr29/index.php?id=gbook|http://mysite.local/lpr29/
1620662445|/lpr29/index.php?id=gbook|http://mysite.local/lpr29/index.php?id=gbook
1620662638|/lpr29/index.php?id=gbook|http://mysite.local/lpr29/index.php?id=gbook
1620662658|/lpr29/index.php?id=gbook|http://mysite.local/lpr29/index.php?id=gbook
1620662715|/lpr29/index.php?id=gbook|http://mysite.local/lpr29/index.php?id=gbook
1620662879|/lpr29/index.php?id=gbook|http://mysite.local/lpr29/index.php?id=gbook
1620663557|/lpr29/index.php?id=gbook|http://mysite.local/lpr29/index.php?id=gbook
1620663701|/lpr29/index.php?id=gbook|http://mysite.local/lpr29/index.php?id=gbook
1620663740|/lpr29/index.php?id=gbook|http://mysite.local/lpr29/index.php?id=gbook
1620663747|/lpr29/index.php?id=gbook|http://mysite.local/lpr29/index.php?id=gbook
1620663769|/lpr29/index.php?id=gbook|http://mysite.local/lpr29/index.php?id=gbook
1620663786|/lpr29/|http://mysite.local/
1620663787|/lpr29/index.php?id=log|http://mysite.local/lpr29/
1620663788|/lpr29/index.php?id=gbook|http://mysite.local/lpr29/index.php?id=log
1620663790|/lpr29/index.php?id=gbook|http://mysite.local/lpr29/index.php?id=log
1620663791|/lpr29/index.php?id=gbook|http://mysite.local/lpr29/index.php?id=log
1620663791|/lpr29/index.php?id=gbook|http://mysite.local/lpr29/index.php?id=log
1620663791|/lpr29/index.php?id=gbook|http://mysite.local/lpr29/index.php?id=log
1620663792|/lpr29/index.php?id=gbook|http://mysite.local/lpr29/index.php?id=log
1620663792|/lpr29/index.php?id=gbook|http://mysite.local/lpr29/index.php?id=log
1620663792|/lpr29/index.php?id=gbook|http://mysite.local/lpr29/index.php?id=log
1620663792|/lpr29/index.php?id=gbook|http://mysite.local/lpr29/index.php?id=log
1620663803|/lpr29/index.php?id=gbook|http://mysite.local/lpr29/index.php?id=log
1620663841|/lpr29/index.php?id=gbook|http://mysite.local/lpr29/index.php?id=gbook
1620664412|/lpr29/index.php?id=gbook|http://mysite.local/lpr29/index.php?id=gbook
1620664539|/lpr29/index.php?id=gbook|http://mysite.local/lpr29/index.php?id=gbook
1620664602|/lpr29/index.php?id=gbook|http://mysite.local/lpr29/index.php?id=gbook
1620664756|/lpr29/index.php?id=gbook|http://mysite.local/lpr29/index.php?id=gbook
1620664775|/lpr29/index.php?id=gbook|http://mysite.local/lpr29/index.php?id=gbook
1620664790|/lpr29/index.php?id=gbook|http://mysite.local/lpr29/index.php?id=gbook
1620665007|/lpr29/index.php?id=gbook|http://mysite.local/lpr29/index.php?id=gbook
1620665016|/lpr29/index.php?id=gbook|http://mysite.local/lpr29/index.php?id=gbook
1620665141|/lpr29/index.php?id=gbook|http://mysite.local/lpr29/index.php?id=gbook
1620665247|/lpr29/index.php?id=gbook|http://mysite.local/lpr29/index.php?id=gbook
1620665260|/lpr29/index.php?id=gbook|http://mysite.local/lpr29/index.php?id=gbook
1620665260|/lpr29/index.php?id=gbook|http://mysite.local/lpr29/index.php?id=gbook
1620665385|/lpr29/index.php?id=gbook|http://mysite.local/lpr29/index.php?id=gbook
1620665393|/lpr29/index.php?id=gbook&del=4|http://mysite.local/lpr29/index.php?id=gbook
1620665465|/lpr29/index.php?id=gbook&del=4|http://mysite.local/lpr29/index.php?id=gbook
1620665528|/lpr29/index.php?id=gbook&|
1620665551|/lpr29/index.php?id=gbook|
1620665593|/lpr29/index.php?id=gbook|
1620665804|/lpr29/index.php?id=gbook|
1620665809|/lpr29/index.php?id=gbook&del=4|http://mysite.local/lpr29/index.php?id=gbook
1620665810|/lpr29/index.php?id=gbook&del=3|http://mysite.local/lpr29/index.php?id=gbook
1620665815|/lpr29/index.php?id=gbook&del=3&del=24|http://mysite.local/lpr29/index.php?id=gbook&del=3
1620665818|/lpr29/index.php?id=gbook&del=3&del=24&del=20|http://mysite.local/lpr29/index.php?id=gbook&del=3&del=24
1620665821|/lpr29/index.php?id=gbook&del=3&del=24&del=20&del=23|http://mysite.local/lpr29/index.php?id=gbook&del=3&del=24&del=20
1620665825|/lpr29/index.php?id=gbook&del=3&del=24&del=20&del=23&del=19|http://mysite.local/lpr29/index.php?id=gbook&del=3&del=24&del=20&del=23
1620665828|/lpr29/index.php?id=gbook&del=3&del=24&del=20&del=23&del=19&del=22|http://mysite.local/lpr29/index.php?id=gbook&del=3&del=24&del=20&del=23&del=19
1620665831|/lpr29/index.php?id=gbook&del=3&del=24&del=20&del=23&del=19&del=22&del=21|http://mysite.local/lpr29/index.php?id=gbook&del=3&del=24&del=20&del=23&del=19&del=22
1620665833|/lpr29/index.php?id=gbook&del=3&del=24&del=20&del=23&del=19&del=22&del=21&del=18|http://mysite.local/lpr29/index.php?id=gbook&del=3&del=24&del=20&del=23&del=19&del=22&del=21
1620665837|/lpr29/index.php?id=gbook&del=3&del=24&del=20&del=23&del=19&del=22&del=21&del=18&del=2|http://mysite.local/lpr29/index.php?id=gbook&del=3&del=24&del=20&del=23&del=19&del=22&del=21&del=18
1620665841|/lpr29/index.php?id=gbook&del=3&del=24&del=20&del=23&del=19&del=22&del=21&del=18&del=2&del=15|http://mysite.local/lpr29/index.php?id=gbook&del=3&del=24&del=20&del=23&del=19&del=22&del=21&del=18&del=2
1620665844|/lpr29/index.php?id=gbook&del=3&del=24&del=20&del=23&del=19&del=22&del=21&del=18&del=2&del=15&del=17|http://mysite.local/lpr29/index.php?id=gbook&del=3&del=24&del=20&del=23&del=19&del=22&del=21&del=18&del=2&del=15
1620665847|/lpr29/index.php?id=gbook&del=3&del=24&del=20&del=23&del=19&del=22&del=21&del=18&del=2&del=15&del=17&del=16|http://mysite.local/lpr29/index.php?id=gbook&del=3&del=24&del=20&del=23&del=19&del=22&del=21&del=18&del=2&del=15&del=17
1620665851|/lpr29/index.php?id=gbook&del=3&del=24&del=20&del=23&del=19&del=22&del=21&del=18&del=2&del=15&del=17&del=16&del=1|http://mysite.local/lpr29/index.php?id=gbook&del=3&del=24&del=20&del=23&del=19&del=22&del=21&del=18&del=2&del=15&del=17&del=16
1620666064|/lpr29/index.php?id=gbook&del=3&del=24&del=20&del=23&del=19&del=22&del=21&del=18&del=2&del=15&del=17&del=16&del=1|http://mysite.local/lpr29/index.php?id=gbook&del=3&del=24&del=20&del=23&del=19&del=22&del=21&del=18&del=2&del=15&del=17&del=16
1620666104|/lpr29/index.php?id=gbook|
1620666109|/lpr29/index.php?id=gbook|
1620666179|/lpr29/index.php?id=gbook|http://mysite.local/lpr29/index.php?id=gbook
1620666187|/lpr29/index.php?id=gbook|http://mysite.local/lpr29/index.php?id=gbook
1620666192|/lpr29/index.php?id=gbook&del=26|http://mysite.local/lpr29/index.php?id=gbook
1620666224|/lpr29/index.php?id=gbook|
1620666231|/lpr29/index.php?id=gbook|
1620666235|/lpr29/index.php?id=gbook|
1620666498|/lpr29/index.php?id=gbook|
1620666504|/lpr29/index.php?id=gbook|
1620666517|/lpr29/|http://mysite.local/
1620666518|/lpr29/index.php?id=log|http://mysite.local/lpr29/
1620666519|/lpr29/index.php?id=gbook|http://mysite.local/lpr29/index.php?id=log
1620666529|/lpr29/index.php?id=gbook&del=25|http://mysite.local/lpr29/index.php?id=gbook
1620666748|/lpr29/index.php?id=gbook&del=25|http://mysite.local/lpr29/index.php?id=gbook
1620666752|/lpr29/index.php?id=gbook&del=25|http://mysite.local/lpr29/index.php?id=gbook
1620666769|/lpr29/index.php?id=gbook&del=25|http://mysite.local/lpr29/index.php?id=gbook
1620666777|/lpr29/|http://mysite.local/
1620666779|/lpr29/index.php?id=gbook|http://mysite.local/lpr29/
1620666788|/lpr29/index.php?id=gbook|http://mysite.local/lpr29/index.php?id=gbook
1620666791|/lpr29/index.php?id=gbook&del=27|http://mysite.local/lpr29/index.php?id=gbook
1620666977|/lpr29/index.php?id=gbook&del=27|http://mysite.local/lpr29/index.php?id=gbook
1620666996|/lpr29/index.php?id=gbook|
1620667004|/lpr29/index.php?id=gbook&del=5|http://mysite.local/lpr29/index.php?id=gbook
1620667015|/lpr29/index.php?id=gbook&del=5|http://mysite.local/lpr29/index.php?id=gbook
1620667022|/lpr29/index.php?id=gbook|
1620667042|/lpr29/index.php?id=gbook|http://mysite.local/lpr29/index.php?id=gbook
1620667046|/lpr29/index.php?id=gbook&del=28|http://mysite.local/lpr29/index.php?id=gbook
1620667050|/lpr29/index.php?id=gbook&del=28|http://mysite.local/lpr29/index.php?id=gbook
1620667057|/lpr29/index.php?id=gbook|
1620667186|/lpr29/index.php?id=gbook|
1620667193|/lpr29/index.php?id=gbook|http://mysite.local/lpr29/index.php?id=gbook
1620667199|/lpr29/index.php?id=gbook&del=29|http://mysite.local/lpr29/index.php?id=gbook
1620667205|/lpr29/index.php?id=gbook&del=29|http://mysite.local/lpr29/index.php?id=gbook
1620667210|/lpr29/index.php?id=gbook|
1620667216|/lpr29/index.php?id=gbook|http://mysite.local/lpr29/index.php?id=gbook
1620667224|/lpr29/index.php?id=gbook|http://mysite.local/lpr29/index.php?id=gbook
1620667228|/lpr29/index.php?id=gbook&del=31|http://mysite.local/lpr29/index.php?id=gbook
1620667232|/lpr29/index.php?id=gbook&del=30|http://mysite.local/lpr29/index.php?id=gbook&del=31
1620667246|/lpr29/index.php?id=gbook&del=30|http://mysite.local/lpr29/index.php?id=gbook&del=31
1620667254|/lpr29/index.php?id=gbook|
1620667280|/lpr29/index.php?id=gbook|
1620667289|/lpr29/index.php?id=gbook|http://mysite.local/lpr29/index.php?id=gbook
1620667292|/lpr29/index.php?id=gbook&del=32|http://mysite.local/lpr29/index.php?id=gbook
1620667295|/lpr29/index.php?id=gbook&del=32|http://mysite.local/lpr29/index.php?id=gbook
